Arguments: 
  /opt/homebrew/Cellar/node/19.4.0/bin/node /opt/homebrew/bin/yarn init

PATH: 
  /Users/kimdonghyun/Library/Android/sdk/tools:/Users/kimdonghyun/Library/Android/sdk/platform-tools:/Users/kimdonghyun/.rbenv/shims:/Users/kimdonghyun/.rbenv/bin:/opt/homebrew/bin:/usr/local/bin:/System/Cryptexes/App/usr/bin:/usr/bin:/bin:/usr/sbin:/sbin:/Library/Apple/usr/bin:/Users/kimdonghyun/Library/Android/sdk/tools:/Users/kimdonghyun/Library/Android/sdk/platform-tools:/Users/kimdonghyun/.rbenv/shims:/Users/kimdonghyun/.rbenv/bin:/opt/homebrew/bin

Yarn version: 
  1.22.19

Node version: 
  19.4.0

Platform: 
  darwin arm64

Trace: 
  Error: canceled
      at Interface.<anonymous> (/opt/homebrew/lib/node_modules/yarn/lib/cli.js:137150:13)
      at Interface.emit (node:events:513:28)
      at [_ttyWrite] [as _ttyWrite] (node:internal/readline/interface:1131:18)
      at ReadStream.onkeypress (node:internal/readline/interface:271:20)
      at ReadStream.emit (node:events:513:28)
      at emitKeys (node:internal/readline/utils:357:14)
      at emitKeys.next (<anonymous>)
      at ReadStream.onData (node:internal/readline/emitKeypressEvents:64:36)
      at ReadStream.emit (node:events:513:28)
      at addChunk (node:internal/streams/readable:324:12)

npm manifest: 
  {
    "name": "decryptkeystore",
    "version": "1.0.0",
    "description": "",
    "main": "keytoPk.js",
    "scripts": {
      "test": "echo \"Error: no test specified\" && exit 1",
      "start": "lite-server"
    },
    "author": "",
    "license": "ISC",
    "dependencies": {
      "@types/keythereum": "^1.2.1",
      "ethereumjs-wallet": "^1.0.2",
      "fs": "^0.0.1-security",
      "keythereum": "^1.2.0",
      "lite-server": "^2.6.1",
      "typescript": "^4.7.3"
    },
    "devDependencies": {
      "@types/keythereum": "^1.2.1"
    },
    "type": "module"
  }

yarn manifest: 
  No manifest

Lockfile: 
  No lockfile
